[debug] [2023-10-17T06:42:01.531Z] ----------------------------------------------------------------------
[debug] [2023-10-17T06:42:01.536Z] Command:       C:\Program Files\nodejs\node.exe C:\Users\Zia Shah\AppData\Roaming\npm\node_modules\firebase-tools\lib\bin\firebase.js init
[debug] [2023-10-17T06:42:01.536Z] CLI Version:   12.7.0
[debug] [2023-10-17T06:42:01.537Z] Platform:      win32
[debug] [2023-10-17T06:42:01.537Z] Node Version:  v20.5.1
[debug] [2023-10-17T06:42:01.537Z] Time:          Mon Oct 16 2023 23:42:01 GMT-0700 (Pacific Daylight Time)
[debug] [2023-10-17T06:42:01.538Z] ----------------------------------------------------------------------
[debug] 
[debug] [2023-10-17T06:42:01.707Z] > command requires scopes: ["email","openid","https://www.googleapis.com/auth/cloudplatformprojects.readonly","https://www.googleapis.com/auth/firebase","https://www.googleapis.com/auth/cloud-platform"]
[debug] [2023-10-17T06:42:01.708Z] > authorizing via signed-in user (syedziashahgillani76@gmail.com)
[info] 
     ######## #### ########  ######## ########     ###     ######  ########
     ##        ##  ##     ## ##       ##     ##  ##   ##  ##       ##
     ######    ##  ########  ######   ########  #########  ######  ######
     ##        ##  ##    ##  ##       ##     ## ##     ##       ## ##
     ##       #### ##     ## ######## ########  ##     ##  ######  ########

You're about to initialize a Firebase project in this directory:

  C:\Users\Zia Shah

Before we get started, keep in mind:

  * You are initializing within an existing Firebase project directory

